<?xml version="1.0" encoding="UTF-8"?>
<testng-results skipped="0" failed="0" ignored="0" total="1" passed="1">
  <reporter-output>
  </reporter-output>
  <suite name="Default suite" duration-ms="9244" started-at="2019-09-07T10:42:23Z" finished-at="2019-09-07T10:42:32Z">
    <groups>
    </groups>
    <test name="Default test" duration-ms="9244" started-at="2019-09-07T10:42:23Z" finished-at="2019-09-07T10:42:32Z">
      <class name="codepackage.RestAssured.Add_and_Delete">
        <test-method status="PASS" signature="addDelete()[pri:0, instance:codepackage.RestAssured.Add_and_Delete@6fa38a]" name="addDelete" duration-ms="9199" started-at="2019-09-07T10:42:23Z" finished-at="2019-09-07T10:42:32Z">
          <reporter-output>
          </reporter-output>
        </test-method> <!-- addDelete -->
      </class> <!-- codepackage.RestAssured.Add_and_Delete -->
    </test> <!-- Default test -->
  </suite> <!-- Default suite -->
</testng-results>
